<?xml version="1.0" encoding="UTF-8"?>
<testsuite xmlns:xsi="http://www.w3.org/2001/XMLSchema-instance" xsi:noNamespaceSchemaLocation="https://maven.apache.org/surefire/maven-surefire-plugin/xsd/surefire-test-report.xsd" name="com.example.PizzaTest" time="0.116" tests="14" errors="0" skipped="0" failures="0">
  <properties>
[...]
</properties>
  <testcase name="testCheesePizza" classname="com.example.PizzaTest" time="0.005"/>
  <testcase name="testGlutenFreePizzaCreation" classname="com.example.PizzaTest" time="0"/>
  <testcase name="testGreekPizza" classname="com.example.PizzaTest" time="0"/>
  <testcase name="testOrderPepperoniPizza" classname="com.example.PizzaTest" time="0.002"/>
  <testcase name="testGlutenFreePizza" classname="com.example.PizzaTest" time="0.001"/>
  <testcase name="testCheesePizzaCreation" classname="com.example.PizzaTest" time="0.002"/>
  <testcase name="testPepperoniPizza" classname="com.example.PizzaTest" time="0"/>
  <testcase name="testInvalidPizzaType" classname="com.example.PizzaTest" time="0"/>
  <testcase name="testGreekPizzaCreation" classname="com.example.PizzaTest" time="0"/>
  <testcase name="testPepperoniPizzaCreation" classname="com.example.PizzaTest" time="0.001"/>
  <testcase name="testOrderGreekPizza" classname="com.example.PizzaTest" time="0.001"/>
  <testcase name="testPizzaProcess" classname="com.example.PizzaTest" time="0.004"/>
  <testcase name="testOrderCheesePizza" classname="com.example.PizzaTest" time="0.001"/>
  <testcase name="testOrderGlutenFreePizza" classname="com.example.PizzaTest" time="0"/>
</testsuite>